<?xml version="1.0" encoding="UTF-8"?>
<!-- Generated by org.testng.reporters.JUnitReportReporter -->
<testsuite hostname="DESKTOP-7TFTKH4" failures="0" tests="1" name="testNG1.day01" time="0.010" errors="0" timestamp="2024-04-07T20:10:13 IST" skipped="0">
  <testcase classname="testNG1.day01" name="f" time="0.010"/>
  <system-out/>
</testsuite> <!-- testNG1.day01 -->
