<?xml version="1.0" encoding="UTF-8"?>
<!-- Generated by org.testng.reporters.JUnitReportReporter -->
<testsuite hostname="DESKTOP-7TFTKH4" failures="0" tests="6" name="testNG1.groupwise" time="0.037" errors="0" timestamp="2024-04-07T20:39:31 IST" skipped="1">
  <testcase classname="testNG1.groupwise" name="signUP" time="0.017"/>
  <system-out/>
  <testcase classname="testNG1.groupwise" name="Login" time="0.006"/>
  <system-out/>
  <testcase classname="testNG1.groupwise" name="addtocart" time="0.006"/>
  <system-out/>
  <testcase classname="testNG1.groupwise" name="payment" time="0.002"/>
  <system-out/>
  <testcase classname="testNG1.groupwise" name="order" time="0.006"/>
  <system-out/>
  <testcase classname="testNG1.groupwise" name="forget">
    <skipped/>
  </testcase> <!-- forget -->
  <system-out/>
</testsuite> <!-- testNG1.groupwise -->
