<?xml version="1.0" encoding="UTF-8"?>
<!-- Generated by org.testng.reporters.JUnitReportReporter -->
<testsuite hostname="DESKTOP-7TFTKH4" failures="0" tests="2" name="testNG1.april14" time="10.622" errors="0" timestamp="2024-04-14T19:54:25 IST" skipped="1">
  <testcase classname="testNG1.april14" name="mhover" time="10.622"/>
  <system-out/>
  <testcase classname="testNG1.april14" name="rightclick">
    <skipped/>
  </testcase> <!-- rightclick -->
  <system-out/>
</testsuite> <!-- testNG1.april14 -->
