<?xml version="1.0" encoding="UTF-8"?>
<!-- Generated by org.testng.reporters.JUnitReportReporter -->
<testsuite hostname="DESKTOP-7TFTKH4" failures="0" tests="5" name="testNGPara.TestdatadrivenParamerter" time="18.722" errors="0" timestamp="2024-04-14T20:24:38 IST" skipped="0">
  <testcase classname="testNGPara.TestdatadrivenParamerter" name="login" time="3.253"/>
  <system-out/>
  <testcase classname="testNGPara.TestdatadrivenParamerter" name="login" time="3.325"/>
  <system-out/>
  <testcase classname="testNGPara.TestdatadrivenParamerter" name="login" time="5.313"/>
  <system-out/>
  <testcase classname="testNGPara.TestdatadrivenParamerter" name="login" time="3.443"/>
  <system-out/>
  <testcase classname="testNGPara.TestdatadrivenParamerter" name="login" time="3.388"/>
  <system-out/>
</testsuite> <!-- testNGPara.TestdatadrivenParamerter -->
