<?xml version="1.0" encoding="UTF-8"?>
<!-- Generated by org.testng.reporters.JUnitReportReporter -->
<testsuite hostname="DESKTOP-7TFTKH4" failures="0" tests="3" name="testNG1.custom" time="0.021" errors="0" timestamp="2024-04-08T14:58:20 IST" skipped="0">
  <testcase classname="testNG1.custom" name="add" time="0.017"/>
  <system-out/>
  <testcase classname="testNG1.custom" name="sub" time="0.002"/>
  <system-out/>
  <testcase classname="testNG1.custom" name="neg" time="0.002"/>
  <system-out/>
</testsuite> <!-- testNG1.custom -->
